  Source1.cpp
c:\users\reshi\source\repos\201 r program 4\source1.cpp(117): warning C4018: '<': signed/unsigned mismatch
c:\users\reshi\source\repos\201 r program 4\source1.cpp(505): warning C4018: '<': signed/unsigned mismatch
c:\users\reshi\source\repos\201 r program 4\source1.cpp(561): error C2679: binary '<<': no operator found which takes a right-hand operand of type 'void' (or there is no acceptable conversion)
  c:\program files (x86)\microsoft visual studio\2017\community\vc\tools\msvc\14.14.26428\include\ostream(500): note: could be 'std::basic_ostream<char,std::char_traits<char>> &std::basic_ostream<char,std::char_traits<char>>::operator <<(std::basic_streambuf<char,std::char_traits<char>> *)'
  c:\program files (x86)\microsoft visual studio\2017\community\vc\tools\msvc\14.14.26428\include\ostream(480): note: or       'std::basic_ostream<char,std::char_traits<char>> &std::basic_ostream<char,std::char_traits<char>>::operator <<(const void *)'
  c:\program files (x86)\microsoft visual studio\2017\community\vc\tools\msvc\14.14.26428\include\ostream(460): note: or       'std::basic_ostream<char,std::char_traits<char>> &std::basic_ostream<char,std::char_traits<char>>::operator <<(long double)'
  c:\program files (x86)\microsoft visual studio\2017\community\vc\tools\msvc\14.14.26428\include\ostream(440): note: or       'std::basic_ostream<char,std::char_traits<char>> &std::basic_ostream<char,std::char_traits<char>>::operator <<(double)'
  c:\program files (x86)\microsoft visual studio\2017\community\vc\tools\msvc\14.14.26428\include\ostream(420): note: or       'std::basic_ostream<char,std::char_traits<char>> &std::basic_ostream<char,std::char_traits<char>>::operator <<(float)'
  c:\program files (x86)\microsoft visual studio\2017\community\vc\tools\msvc\14.14.26428\include\ostream(400): note: or       'std::basic_ostream<char,std::char_traits<char>> &std::basic_ostream<char,std::char_traits<char>>::operator <<(unsigned __int64)'
  c:\program files (x86)\microsoft visual studio\2017\community\vc\tools\msvc\14.14.26428\include\ostream(380): note: or       'std::basic_ostream<char,std::char_traits<char>> &std::basic_ostream<char,std::char_traits<char>>::operator <<(__int64)'
  c:\program files (x86)\microsoft visual studio\2017\community\vc\tools\msvc\14.14.26428\include\ostream(360): note: or       'std::basic_ostream<char,std::char_traits<char>> &std::basic_ostream<char,std::char_traits<char>>::operator <<(unsigned long)'
  c:\program files (x86)\microsoft visual studio\2017\community\vc\tools\msvc\14.14.26428\include\ostream(340): note: or       'std::basic_ostream<char,std::char_traits<char>> &std::basic_ostream<char,std::char_traits<char>>::operator <<(long)'
  c:\program files (x86)\microsoft visual studio\2017\community\vc\tools\msvc\14.14.26428\include\ostream(320): note: or       'std::basic_ostream<char,std::char_traits<char>> &std::basic_ostream<char,std::char_traits<char>>::operator <<(unsigned int)'
  c:\program files (x86)\microsoft visual studio\2017\community\vc\tools\msvc\14.14.26428\include\ostream(295): note: or       'std::basic_ostream<char,std::char_traits<char>> &std::basic_ostream<char,std::char_traits<char>>::operator <<(int)'
  c:\program files (x86)\microsoft visual studio\2017\community\vc\tools\msvc\14.14.26428\include\ostream(275): note: or       'std::basic_ostream<char,std::char_traits<char>> &std::basic_ostream<char,std::char_traits<char>>::operator <<(unsigned short)'
  c:\program files (x86)\microsoft visual studio\2017\community\vc\tools\msvc\14.14.26428\include\ostream(241): note: or       'std::basic_ostream<char,std::char_traits<char>> &std::basic_ostream<char,std::char_traits<char>>::operator <<(short)'
  c:\program files (x86)\microsoft visual studio\2017\community\vc\tools\msvc\14.14.26428\include\ostream(221): note: or       'std::basic_ostream<char,std::char_traits<char>> &std::basic_ostream<char,std::char_traits<char>>::operator <<(bool)'
  c:\program files (x86)\microsoft visual studio\2017\community\vc\tools\msvc\14.14.26428\include\ostream(215): note: or       'std::basic_ostream<char,std::char_traits<char>> &std::basic_ostream<char,std::char_traits<char>>::operator <<(std::ios_base &(__cdecl *)(std::ios_base &))'
  c:\program files (x86)\microsoft visual studio\2017\community\vc\tools\msvc\14.14.26428\include\ostream(209): note: or       'std::basic_ostream<char,std::char_traits<char>> &std::basic_ostream<char,std::char_traits<char>>::operator <<(std::basic_ios<char,std::char_traits<char>> &(__cdecl *)(std::basic_ios<char,std::char_traits<char>> &))'
  c:\program files (x86)\microsoft visual studio\2017\community\vc\tools\msvc\14.14.26428\include\ostream(204): note: or       'std::basic_ostream<char,std::char_traits<char>> &std::basic_ostream<char,std::char_traits<char>>::operator <<(std::basic_ostream<char,std::char_traits<char>> &(__cdecl *)(std::basic_ostream<char,std::char_traits<char>> &))'
  c:\program files (x86)\microsoft visual studio\2017\community\vc\tools\msvc\14.14.26428\include\ostream(1021): note: or       'std::basic_ostream<char,std::char_traits<char>> &std::operator <<<char,std::char_traits<char>>(std::basic_ostream<char,std::char_traits<char>> &,const std::error_code &)'
  c:\program files (x86)\microsoft visual studio\2017\community\vc\tools\msvc\14.14.26428\include\ostream(973): note: or       'std::basic_ostream<char,std::char_traits<char>> &std::operator <<<std::char_traits<char>>(std::basic_ostream<char,std::char_traits<char>> &,unsigned char)'
  c:\program files (x86)\microsoft visual studio\2017\community\vc\tools\msvc\14.14.26428\include\ostream(966): note: or       'std::basic_ostream<char,std::char_traits<char>> &std::operator <<<std::char_traits<char>>(std::basic_ostream<char,std::char_traits<char>> &,const unsigned char *)'
  c:\program files (x86)\microsoft visual studio\2017\community\vc\tools\msvc\14.14.26428\include\ostream(959): note: or       'std::basic_ostream<char,std::char_traits<char>> &std::operator <<<std::char_traits<char>>(std::basic_ostream<char,std::char_traits<char>> &,signed char)'
  c:\program files (x86)\microsoft visual studio\2017\community\vc\tools\msvc\14.14.26428\include\ostream(952): note: or       'std::basic_ostream<char,std::char_traits<char>> &std::operator <<<std::char_traits<char>>(std::basic_ostream<char,std::char_traits<char>> &,const signed char *)'
  c:\program files (x86)\microsoft visual studio\2017\community\vc\tools\msvc\14.14.26428\include\ostream(826): note: or       'std::basic_ostream<char,std::char_traits<char>> &std::operator <<<std::char_traits<char>>(std::basic_ostream<char,std::char_traits<char>> &,char)'
  c:\program files (x86)\microsoft visual studio\2017\community\vc\tools\msvc\14.14.26428\include\ostream(779): note: or       'std::basic_ostream<char,std::char_traits<char>> &std::operator <<<std::char_traits<char>>(std::basic_ostream<char,std::char_traits<char>> &,const char *)'
  c:\program files (x86)\microsoft visual studio\2017\community\vc\tools\msvc\14.14.26428\include\ostream(741): note: or       'std::basic_ostream<char,std::char_traits<char>> &std::operator <<<char,std::char_traits<char>>(std::basic_ostream<char,std::char_traits<char>> &,char)'
  c:\program files (x86)\microsoft visual studio\2017\community\vc\tools\msvc\14.14.26428\include\ostream(694): note: or       'std::basic_ostream<char,std::char_traits<char>> &std::operator <<<char,std::char_traits<char>>(std::basic_ostream<char,std::char_traits<char>> &,const char *)'
  c:\users\reshi\source\repos\201 r program 4\source1.cpp(561): note: while trying to match the argument list '(std::basic_ostream<char,std::char_traits<char>>, void)'
c:\users\reshi\source\repos\201 r program 4\source1.cpp(565): warning C4018: '<': signed/unsigned mismatch
